1368797064 - /srv/jsplatform/classes/OneDB/cache/_json//http-play2.rcs-rds.ro-ws-merge-json.php-7b94042536d449f81a8d38e8a88d7b13.cache.lock
done16:33:59 - /srv/jsplatform/classes/OneDB/cache/_json//http-play2.rcs-rds.ro-ws-merge-json.php-7b94042536d449f81a8d38e8a88d7b13.cache.cfg - not found. abort!
16:35:23 - start
16:35:23 - start
16:35:34 - start
16:40:11 - http://play2.rcs-rds.ro/ws/merge-json.php?urls%5B0%5D=http%3A%2F%2Fwww.digisport.ro%2Fjson%2F&urls%5B1%5D=http%3A%2F%2Fbeta.digi24.ro%2Fjson%2F - start
16:40:22 - 493362 bytes
16:49:35 - http://play2.rcs-rds.ro/ws/merge-json.php?urls%5B0%5D=http%3A%2F%2Fwww.digisport.ro%2Fjson%2F&urls%5B1%5D=http%3A%2F%2Fbeta.digi24.ro%2Fjson%2F - start
16:49:44 - 494701 bytes
16:51:10 - http://play2.rcs-rds.ro/ws/merge-json.php?urls%5B0%5D=http%3A%2F%2Fwww.digisport.ro%2Fjson%2F&urls%5B1%5D=http%3A%2F%2Fbeta.digi24.ro%2Fjson%2F - start
16:51:17 - 493667 bytes
16:51:17 - http://play2.rcs-rds.ro/ws/merge-json.php?urls%5B0%5D=http%3A%2F%2Fwww.digisport.ro%2Fjson%2F&urls%5B1%5D=http%3A%2F%2Fbeta.digi24.ro%2Fjson%2F - successfully completed!
16:51:56 - http://play2.rcs-rds.ro/ws/merge-json.php?urls%5B0%5D=http%3A%2F%2Fwww.digisport.ro%2Fjson%2F&urls%5B1%5D=http%3A%2F%2Fbeta.digi24.ro%2Fjson%2F - start
16:52:04 - 493667 bytes
16:52:04 - http://play2.rcs-rds.ro/ws/merge-json.php?urls%5B0%5D=http%3A%2F%2Fwww.digisport.ro%2Fjson%2F&urls%5B1%5D=http%3A%2F%2Fbeta.digi24.ro%2Fjson%2F - successfully completed!
16:52:48 - http://play2.rcs-rds.ro/ws/merge-json.php?urls%5B0%5D=http%3A%2F%2Fwww.digisport.ro%2Fjson%2F&urls%5B1%5D=http%3A%2F%2Fbeta.digi24.ro%2Fjson%2F - start
16:52:56 - 493667 bytes
16:52:56 - http://play2.rcs-rds.ro/ws/merge-json.php?urls%5B0%5D=http%3A%2F%2Fwww.digisport.ro%2Fjson%2F&urls%5B1%5D=http%3A%2F%2Fbeta.digi24.ro%2Fjson%2F - successfully completed!
16:53:29 - http://play2.rcs-rds.ro/ws/merge-json.php?urls%5B0%5D=http%3A%2F%2Fwww.digisport.ro%2Fjson%2F&urls%5B1%5D=http%3A%2F%2Fbeta.digi24.ro%2Fjson%2F - start
16:53:36 - 493862 bytes
16:53:36 - http://play2.rcs-rds.ro/ws/merge-json.php?urls%5B0%5D=http%3A%2F%2Fwww.digisport.ro%2Fjson%2F&urls%5B1%5D=http%3A%2F%2Fbeta.digi24.ro%2Fjson%2F - successfully completed!
16:53:42 - http://play2.rcs-rds.ro/ws/merge-json.php?urls%5B0%5D=http%3A%2F%2Fwww.digisport.ro%2Fjson%2F&urls%5B1%5D=http%3A%2F%2Fbeta.digi24.ro%2Fjson%2F - start
16:53:50 - 493862 bytes
16:53:50 - http://play2.rcs-rds.ro/ws/merge-json.php?urls%5B0%5D=http%3A%2F%2Fwww.digisport.ro%2Fjson%2F&urls%5B1%5D=http%3A%2F%2Fbeta.digi24.ro%2Fjson%2F - successfully completed!
16:55:08 - http://play2.rcs-rds.ro/ws/merge-json.php?urls%5B0%5D=http%3A%2F%2Fwww.digisport.ro%2Fjson%2F&urls%5B1%5D=http%3A%2F%2Fbeta.digi24.ro%2Fjson%2F - start
16:55:15 - 493862 bytes
16:55:15 - http://play2.rcs-rds.ro/ws/merge-json.php?urls%5B0%5D=http%3A%2F%2Fwww.digisport.ro%2Fjson%2F&urls%5B1%5D=http%3A%2F%2Fbeta.digi24.ro%2Fjson%2F - successfully completed!
16:55:28 - http://play2.rcs-rds.ro/ws/merge-json.php?urls%5B0%5D=http%3A%2F%2Fwww.digisport.ro%2Fjson%2F&urls%5B1%5D=http%3A%2F%2Fbeta.digi24.ro%2Fjson%2F - start
16:55:29 - http://beta.digi24.ro/json/Stiri/Digi24/Actualitate/? - start
16:55:36 - 493862 bytes
16:55:36 - http://play2.rcs-rds.ro/ws/merge-json.php?urls%5B0%5D=http%3A%2F%2Fwww.digisport.ro%2Fjson%2F&urls%5B1%5D=http%3A%2F%2Fbeta.digi24.ro%2Fjson%2F - successfully completed!
16:55:37 - 343110 bytes
16:55:37 - http://beta.digi24.ro/json/Stiri/Digi24/Actualitate/? - successfully completed!
16:55:53 - http://beta.digi24.ro/json/Stiri/Digi24/Economie/? - start
16:56:00 - 392145 bytes
16:56:00 - http://beta.digi24.ro/json/Stiri/Digi24/Economie/? - successfully completed!
16:58:40 - http://play2.rcs-rds.ro/ws/merge-json.php?urls%5B0%5D=http%3A%2F%2Fwww.digisport.ro%2Fjson%2F&urls%5B1%5D=http%3A%2F%2Fbeta.digi24.ro%2Fjson%2F - start
16:58:47 - 497722 bytes
16:58:47 - http://play2.rcs-rds.ro/ws/merge-json.php?urls%5B0%5D=http%3A%2F%2Fwww.digisport.ro%2Fjson%2F&urls%5B1%5D=http%3A%2F%2Fbeta.digi24.ro%2Fjson%2F - successfully completed!
17:24:28 - http://beta.digi24.ro/json/Stiri/Digi24/Actualitate/? - start
17:24:36 - 347112 bytes
17:24:36 - http://beta.digi24.ro/json/Stiri/Digi24/Actualitate/? - successfully completed!
14:04:36 - http://www.digi-animalworld.tv/webservice/tv-shows/? - decoded json is not an array!
14:04:50 - http://www.digi-animalworld.tv/webservice/tv-shows/? - decoded json is not an array!
14:04:56 - http://www.digi-animalworld.tv/webservice/tv-shows/? - decoded json is not an array!
14:05:03 - http://www.digi-animalworld.tv/webservice/tv-shows/? - decoded json is not an array!
14:05:15 - http://www.digi-animalworld.tv/webservice/tv-shows/? - decoded json is not an array!
14:05:18 - http://www.digi-animalworld.tv/webservice/tv-shows/? - decoded json is not an array!
14:05:28 - http://www.digi-animalworld.tv/webservice/tv-shows/? - decoded json is not an array!
14:05:38 - http://www.digi-animalworld.tv/webservice/tv-shows/? - decoded json is not an array!
14:06:15 - http://www.digi-animalworld.tv/webservice/tv-shows/? - decoded json is not an array!
